<?xml version="1.0" encoding="UTF-8"?>
<testsuite name="com.appconsecurity.esbao.EsbaoApplicationTests" tests="1" skipped="0" failures="0" errors="0" timestamp="2024-08-06T23:18:34" hostname="MARTINLAP" time="0.522">
  <properties/>
  <testcase name="contextLoads()" classname="com.appconsecurity.esbao.EsbaoApplicationTests" time="0.522"/>
  <system-out><![CDATA[Standard Commons Logging discovery in action with spring-jcl: please remove commons-logging.jar from classpath in order to avoid potential conflicts
17:18:23.907 [Test worker] INFO org.springframework.test.context.support.AnnotationConfigContextLoaderUtils -- Could not detect default configuration classes for test class [com.appconsecurity.esbao.EsbaoApplicationTests]: EsbaoApplicationTests does not declare any static, non-private, non-final, nested classes annotated with @Configuration.
17:18:24.022 [Test worker] INFO org.springframework.boot.test.context.SpringBootTestContextBootstrapper -- Found @SpringBootConfiguration com.appconsecurity.esbao.EsbaoApplication for test class com.appconsecurity.esbao.EsbaoApplicationTests
  .   ____          _            __ _ _
 /\\ / ___'_ __ _ _(_)_ __  __ _ \ \ \ \
( ( )\___ | '_ | '_| | '_ \/ _` | \ \ \ \
 \\/  ___)| |_)| | | | | || (_| |  ) ) ) )
  '  |____| .__|_| |_|_| |_\__, | / / / /
 =========|_|==============|___/=/_/_/_/

 :: Spring Boot ::                (v3.3.0)

2024-08-06T17:18:24.522-06:00  INFO 21536 --- [esbao] [    Test worker] c.a.esbao.EsbaoApplicationTests          : Starting EsbaoApplicationTests using Java 17.0.11 with PID 21536 (started by martinelwiri in C:\Users\misju\Documents\esbao\esbao)
2024-08-06T17:18:24.524-06:00  INFO 21536 --- [esbao] [    Test worker] c.a.esbao.EsbaoApplicationTests          : No active profile set, falling back to 1 default profile: "default"
2024-08-06T17:18:25.616-06:00  INFO 21536 --- [esbao] [    Test worker] .s.d.r.c.RepositoryConfigurationDelegate : Bootstrapping Spring Data JPA repositories in DEFAULT mode.
2024-08-06T17:18:25.746-06:00  INFO 21536 --- [esbao] [    Test worker] .s.d.r.c.RepositoryConfigurationDelegate : Finished Spring Data repository scanning in 114 ms. Found 5 JPA repository interfaces.
2024-08-06T17:18:26.457-06:00  INFO 21536 --- [esbao] [    Test worker] o.hibernate.jpa.internal.util.LogHelper  : HHH000204: Processing PersistenceUnitInfo [name: default]
2024-08-06T17:18:26.559-06:00  INFO 21536 --- [esbao] [    Test worker] org.hibernate.Version                    : HHH000412: Hibernate ORM core version 6.5.2.Final
2024-08-06T17:18:26.627-06:00  INFO 21536 --- [esbao] [    Test worker] o.h.c.internal.RegionFactoryInitiator    : HHH000026: Second-level cache disabled
2024-08-06T17:18:27.085-06:00  INFO 21536 --- [esbao] [    Test worker] o.s.o.j.p.SpringPersistenceUnitInfo      : No LoadTimeWeaver setup: ignoring JPA class transformer
2024-08-06T17:18:27.123-06:00  INFO 21536 --- [esbao] [    Test worker] com.zaxxer.hikari.HikariDataSource       : HikariPool-1 - Starting...
2024-08-06T17:18:28.430-06:00  INFO 21536 --- [esbao] [    Test worker] com.zaxxer.hikari.pool.HikariPool        : HikariPool-1 - Added connection org.postgresql.jdbc.PgConnection@69f69078
2024-08-06T17:18:28.431-06:00  INFO 21536 --- [esbao] [    Test worker] com.zaxxer.hikari.HikariDataSource       : HikariPool-1 - Start completed.
2024-08-06T17:18:28.565-06:00  WARN 21536 --- [esbao] [    Test worker] org.hibernate.orm.deprecation            : HHH90000025: PostgreSQLDialect does not need to be specified explicitly using 'hibernate.dialect' (remove the property setting and it will be selected by default)
2024-08-06T17:18:29.763-06:00  INFO 21536 --- [esbao] [    Test worker] o.h.e.t.j.p.i.JtaPlatformInitiator       : HHH000489: No JTA platform available (set 'hibernate.transaction.jta.platform' to enable JTA platform integration)
2024-08-06T17:18:33.030-06:00  INFO 21536 --- [esbao] [    Test worker] j.LocalContainerEntityManagerFactoryBean : Initialized JPA EntityManagerFactory for persistence unit 'default'
2024-08-06T17:18:33.480-06:00  INFO 21536 --- [esbao] [    Test worker] o.s.d.j.r.query.QueryEnhancerFactory     : Hibernate is in classpath; If applicable, HQL parser will be used.
2024-08-06T17:18:33.602-06:00  WARN 21536 --- [esbao] [    Test worker] JpaBaseConfiguration$JpaWebConfiguration : spring.jpa.open-in-view is enabled by default. Therefore, database queries may be performed during view rendering. Explicitly configure spring.jpa.open-in-view to disable this warning
2024-08-06T17:18:34.106-06:00  WARN 21536 --- [esbao] [    Test worker] .s.s.UserDetailsServiceAutoConfiguration : 

Using generated security password: 48d09d2c-7db2-4ef7-baa7-a1ace546eed8

This generated password is for development use only. Your security configuration must be updated before running your application in production.

2024-08-06T17:18:34.121-06:00  INFO 21536 --- [esbao] [    Test worker] r$InitializeUserDetailsManagerConfigurer : Global AuthenticationManager configured with UserDetailsService bean with name inMemoryUserDetailsManager
2024-08-06T17:18:34.298-06:00  INFO 21536 --- [esbao] [    Test worker] o.s.s.web.DefaultSecurityFilterChain     : Will secure any request with [org.springframework.security.web.session.DisableEncodeUrlFilter@33f059ad, org.springframework.security.web.context.request.async.WebAsyncManagerIntegrationFilter@6c7bc8ac, org.springframework.security.web.context.SecurityContextHolderFilter@2f6ede9, org.springframework.security.web.header.HeaderWriterFilter@124b8fe9, org.springframework.web.filter.CorsFilter@25131637, org.springframework.security.web.authentication.logout.LogoutFilter@1d5ec2ed, com.appconsecurity.esbao.security.JWTAuthorizationFilter@5d7f4cbb, org.springframework.security.web.savedrequest.RequestCacheAwareFilter@55854382, org.springframework.security.web.servletapi.SecurityContextHolderAwareRequestFilter@77d0a492, org.springframework.security.web.authentication.AnonymousAuthenticationFilter@6cf34b88, org.springframework.security.web.session.SessionManagementFilter@4700064f, org.springframework.security.web.access.ExceptionTranslationFilter@1df60140, org.springframework.security.web.access.intercept.AuthorizationFilter@32cda33c]
2024-08-06T17:18:34.734-06:00  INFO 21536 --- [esbao] [    Test worker] c.a.esbao.EsbaoApplicationTests          : Started EsbaoApplicationTests in 10.495 seconds (process running for 11.957)
]]></system-out>
  <system-err><![CDATA[]]></system-err>
</testsuite>
