<?xml version="1.0" encoding="UTF-8"?>
<testsuite name="com.appconsecurity.esbao.EsbaoApplicationTests" tests="1" skipped="0" failures="0" errors="0" timestamp="2024-08-06T23:10:07" hostname="MARTINLAP" time="0.695">
  <properties/>
  <testcase name="contextLoads()" classname="com.appconsecurity.esbao.EsbaoApplicationTests" time="0.695"/>
  <system-out><![CDATA[Standard Commons Logging discovery in action with spring-jcl: please remove commons-logging.jar from classpath in order to avoid potential conflicts
17:09:56.390 [Test worker] INFO org.springframework.test.context.support.AnnotationConfigContextLoaderUtils -- Could not detect default configuration classes for test class [com.appconsecurity.esbao.EsbaoApplicationTests]: EsbaoApplicationTests does not declare any static, non-private, non-final, nested classes annotated with @Configuration.
17:09:56.504 [Test worker] INFO org.springframework.boot.test.context.SpringBootTestContextBootstrapper -- Found @SpringBootConfiguration com.appconsecurity.esbao.EsbaoApplication for test class com.appconsecurity.esbao.EsbaoApplicationTests
  .   ____          _            __ _ _
 /\\ / ___'_ __ _ _(_)_ __  __ _ \ \ \ \
( ( )\___ | '_ | '_| | '_ \/ _` | \ \ \ \
 \\/  ___)| |_)| | | | | || (_| |  ) ) ) )
  '  |____| .__|_| |_|_| |_\__, | / / / /
 =========|_|==============|___/=/_/_/_/

 :: Spring Boot ::                (v3.3.0)

2024-08-06T17:09:56.985-06:00  INFO 21436 --- [esbao] [    Test worker] c.a.esbao.EsbaoApplicationTests          : Starting EsbaoApplicationTests using Java 17.0.11 with PID 21436 (started by martinelwiri in C:\Users\misju\Documents\esbao\esbao)
2024-08-06T17:09:56.987-06:00  INFO 21436 --- [esbao] [    Test worker] c.a.esbao.EsbaoApplicationTests          : No active profile set, falling back to 1 default profile: "default"
2024-08-06T17:09:57.866-06:00  INFO 21436 --- [esbao] [    Test worker] .s.d.r.c.RepositoryConfigurationDelegate : Bootstrapping Spring Data JPA repositories in DEFAULT mode.
2024-08-06T17:09:57.977-06:00  INFO 21436 --- [esbao] [    Test worker] .s.d.r.c.RepositoryConfigurationDelegate : Finished Spring Data repository scanning in 101 ms. Found 5 JPA repository interfaces.
2024-08-06T17:09:58.615-06:00  INFO 21436 --- [esbao] [    Test worker] o.hibernate.jpa.internal.util.LogHelper  : HHH000204: Processing PersistenceUnitInfo [name: default]
2024-08-06T17:09:58.692-06:00  INFO 21436 --- [esbao] [    Test worker] org.hibernate.Version                    : HHH000412: Hibernate ORM core version 6.5.2.Final
2024-08-06T17:09:58.741-06:00  INFO 21436 --- [esbao] [    Test worker] o.h.c.internal.RegionFactoryInitiator    : HHH000026: Second-level cache disabled
2024-08-06T17:09:59.161-06:00  INFO 21436 --- [esbao] [    Test worker] o.s.o.j.p.SpringPersistenceUnitInfo      : No LoadTimeWeaver setup: ignoring JPA class transformer
2024-08-06T17:09:59.198-06:00  INFO 21436 --- [esbao] [    Test worker] com.zaxxer.hikari.HikariDataSource       : HikariPool-1 - Starting...
2024-08-06T17:10:00.469-06:00  INFO 21436 --- [esbao] [    Test worker] com.zaxxer.hikari.pool.HikariPool        : HikariPool-1 - Added connection org.postgresql.jdbc.PgConnection@11adab6d
2024-08-06T17:10:00.471-06:00  INFO 21436 --- [esbao] [    Test worker] com.zaxxer.hikari.HikariDataSource       : HikariPool-1 - Start completed.
2024-08-06T17:10:00.626-06:00  WARN 21436 --- [esbao] [    Test worker] org.hibernate.orm.deprecation            : HHH90000025: PostgreSQLDialect does not need to be specified explicitly using 'hibernate.dialect' (remove the property setting and it will be selected by default)
2024-08-06T17:10:01.936-06:00  INFO 21436 --- [esbao] [    Test worker] o.h.e.t.j.p.i.JtaPlatformInitiator       : HHH000489: No JTA platform available (set 'hibernate.transaction.jta.platform' to enable JTA platform integration)
2024-08-06T17:10:05.566-06:00  INFO 21436 --- [esbao] [    Test worker] j.LocalContainerEntityManagerFactoryBean : Initialized JPA EntityManagerFactory for persistence unit 'default'
2024-08-06T17:10:05.972-06:00  INFO 21436 --- [esbao] [    Test worker] o.s.d.j.r.query.QueryEnhancerFactory     : Hibernate is in classpath; If applicable, HQL parser will be used.
2024-08-06T17:10:06.113-06:00  WARN 21436 --- [esbao] [    Test worker] JpaBaseConfiguration$JpaWebConfiguration : spring.jpa.open-in-view is enabled by default. Therefore, database queries may be performed during view rendering. Explicitly configure spring.jpa.open-in-view to disable this warning
2024-08-06T17:10:06.154-06:00  WARN 21436 --- [esbao] [    Test worker] .s.s.UserDetailsServiceAutoConfiguration : 

Using generated security password: 0db42525-8ddf-4c17-8d40-008e7f83cad9

This generated password is for development use only. Your security configuration must be updated before running your application in production.

2024-08-06T17:10:06.170-06:00  INFO 21436 --- [esbao] [    Test worker] r$InitializeUserDetailsManagerConfigurer : Global AuthenticationManager configured with UserDetailsService bean with name inMemoryUserDetailsManager
2024-08-06T17:10:06.640-06:00  INFO 21436 --- [esbao] [    Test worker] o.s.s.web.DefaultSecurityFilterChain     : Will secure any request with [org.springframework.security.web.session.DisableEncodeUrlFilter@3dfe2797, org.springframework.security.web.context.request.async.WebAsyncManagerIntegrationFilter@3f6fd33b, org.springframework.security.web.context.SecurityContextHolderFilter@1abf38d1, org.springframework.security.web.header.HeaderWriterFilter@5ac8916d, org.springframework.web.filter.CorsFilter@34c050a1, org.springframework.security.web.authentication.logout.LogoutFilter@2403c1c5, com.appconsecurity.esbao.security.JWTAuthorizationFilter@7ecf4608, org.springframework.security.web.savedrequest.RequestCacheAwareFilter@4af0ae2c, org.springframework.security.web.servletapi.SecurityContextHolderAwareRequestFilter@752573df, org.springframework.security.web.authentication.AnonymousAuthenticationFilter@32c114d9, org.springframework.security.web.session.SessionManagementFilter@100d071, org.springframework.security.web.access.ExceptionTranslationFilter@9bd477c, org.springframework.security.web.access.intercept.AuthorizationFilter@21d478f3]
2024-08-06T17:10:07.051-06:00  INFO 21436 --- [esbao] [    Test worker] c.a.esbao.EsbaoApplicationTests          : Started EsbaoApplicationTests in 10.346 seconds (process running for 11.746)
]]></system-out>
  <system-err><![CDATA[]]></system-err>
</testsuite>
