<?xml version="1.0" encoding="UTF-8"?>
<testsuite name="com.appconsecurity.esbao.EsbaoApplicationTests" tests="1" skipped="0" failures="0" errors="0" timestamp="2024-07-29T16:55:31" hostname="MARTINLAP" time="0.492">
  <properties/>
  <testcase name="contextLoads()" classname="com.appconsecurity.esbao.EsbaoApplicationTests" time="0.492"/>
  <system-out><![CDATA[Standard Commons Logging discovery in action with spring-jcl: please remove commons-logging.jar from classpath in order to avoid potential conflicts
10:55:20.814 [Test worker] INFO org.springframework.test.context.support.AnnotationConfigContextLoaderUtils -- Could not detect default configuration classes for test class [com.appconsecurity.esbao.EsbaoApplicationTests]: EsbaoApplicationTests does not declare any static, non-private, non-final, nested classes annotated with @Configuration.
10:55:20.910 [Test worker] INFO org.springframework.boot.test.context.SpringBootTestContextBootstrapper -- Found @SpringBootConfiguration com.appconsecurity.esbao.EsbaoApplication for test class com.appconsecurity.esbao.EsbaoApplicationTests
  .   ____          _            __ _ _
 /\\ / ___'_ __ _ _(_)_ __  __ _ \ \ \ \
( ( )\___ | '_ | '_| | '_ \/ _` | \ \ \ \
 \\/  ___)| |_)| | | | | || (_| |  ) ) ) )
  '  |____| .__|_| |_|_| |_\__, | / / / /
 =========|_|==============|___/=/_/_/_/

 :: Spring Boot ::                (v3.3.0)

2024-07-29T10:55:21.395-06:00  INFO 11748 --- [esbao] [    Test worker] c.a.esbao.EsbaoApplicationTests          : Starting EsbaoApplicationTests using Java 17.0.11 with PID 11748 (started by martinelwiri in C:\Users\misju\Documents\esbao\esbao)
2024-07-29T10:55:21.396-06:00  INFO 11748 --- [esbao] [    Test worker] c.a.esbao.EsbaoApplicationTests          : No active profile set, falling back to 1 default profile: "default"
2024-07-29T10:55:22.154-06:00  INFO 11748 --- [esbao] [    Test worker] .s.d.r.c.RepositoryConfigurationDelegate : Bootstrapping Spring Data JPA repositories in DEFAULT mode.
2024-07-29T10:55:22.270-06:00  INFO 11748 --- [esbao] [    Test worker] .s.d.r.c.RepositoryConfigurationDelegate : Finished Spring Data repository scanning in 96 ms. Found 5 JPA repository interfaces.
2024-07-29T10:55:22.916-06:00  INFO 11748 --- [esbao] [    Test worker] o.hibernate.jpa.internal.util.LogHelper  : HHH000204: Processing PersistenceUnitInfo [name: default]
2024-07-29T10:55:23.057-06:00  INFO 11748 --- [esbao] [    Test worker] org.hibernate.Version                    : HHH000412: Hibernate ORM core version 6.5.2.Final
2024-07-29T10:55:23.138-06:00  INFO 11748 --- [esbao] [    Test worker] o.h.c.internal.RegionFactoryInitiator    : HHH000026: Second-level cache disabled
2024-07-29T10:55:23.713-06:00  INFO 11748 --- [esbao] [    Test worker] o.s.o.j.p.SpringPersistenceUnitInfo      : No LoadTimeWeaver setup: ignoring JPA class transformer
2024-07-29T10:55:23.752-06:00  INFO 11748 --- [esbao] [    Test worker] com.zaxxer.hikari.HikariDataSource       : HikariPool-1 - Starting...
2024-07-29T10:55:25.086-06:00  INFO 11748 --- [esbao] [    Test worker] com.zaxxer.hikari.pool.HikariPool        : HikariPool-1 - Added connection org.postgresql.jdbc.PgConnection@1dcca426
2024-07-29T10:55:25.087-06:00  INFO 11748 --- [esbao] [    Test worker] com.zaxxer.hikari.HikariDataSource       : HikariPool-1 - Start completed.
2024-07-29T10:55:25.225-06:00  WARN 11748 --- [esbao] [    Test worker] org.hibernate.orm.deprecation            : HHH90000025: PostgreSQLDialect does not need to be specified explicitly using 'hibernate.dialect' (remove the property setting and it will be selected by default)
2024-07-29T10:55:26.434-06:00  INFO 11748 --- [esbao] [    Test worker] o.h.e.t.j.p.i.JtaPlatformInitiator       : HHH000489: No JTA platform available (set 'hibernate.transaction.jta.platform' to enable JTA platform integration)
2024-07-29T10:55:29.930-06:00  INFO 11748 --- [esbao] [    Test worker] j.LocalContainerEntityManagerFactoryBean : Initialized JPA EntityManagerFactory for persistence unit 'default'
2024-07-29T10:55:30.329-06:00  INFO 11748 --- [esbao] [    Test worker] o.s.d.j.r.query.QueryEnhancerFactory     : Hibernate is in classpath; If applicable, HQL parser will be used.
2024-07-29T10:55:30.558-06:00  WARN 11748 --- [esbao] [    Test worker] JpaBaseConfiguration$JpaWebConfiguration : spring.jpa.open-in-view is enabled by default. Therefore, database queries may be performed during view rendering. Explicitly configure spring.jpa.open-in-view to disable this warning
2024-07-29T10:55:30.604-06:00  WARN 11748 --- [esbao] [    Test worker] .s.s.UserDetailsServiceAutoConfiguration : 

Using generated security password: 7b0b0464-df46-4dc4-a197-6823f2ffb052

This generated password is for development use only. Your security configuration must be updated before running your application in production.

2024-07-29T10:55:30.617-06:00  INFO 11748 --- [esbao] [    Test worker] r$InitializeUserDetailsManagerConfigurer : Global AuthenticationManager configured with UserDetailsService bean with name inMemoryUserDetailsManager
2024-07-29T10:55:31.331-06:00  INFO 11748 --- [esbao] [    Test worker] o.s.s.web.DefaultSecurityFilterChain     : Will secure any request with [org.springframework.security.web.session.DisableEncodeUrlFilter@611ffa8d, org.springframework.security.web.context.request.async.WebAsyncManagerIntegrationFilter@45f32b12, org.springframework.security.web.context.SecurityContextHolderFilter@41ad6c00, org.springframework.security.web.header.HeaderWriterFilter@51f31fad, org.springframework.web.filter.CorsFilter@54dc163a, org.springframework.security.web.authentication.logout.LogoutFilter@4822fc53, com.appconsecurity.esbao.security.JWTAuthorizationFilter@5bbeb9e3, org.springframework.security.web.savedrequest.RequestCacheAwareFilter@6edc8385, org.springframework.security.web.servletapi.SecurityContextHolderAwareRequestFilter@1c10eb3a, org.springframework.security.web.authentication.AnonymousAuthenticationFilter@456beb8b, org.springframework.security.web.session.SessionManagementFilter@5687ba39, org.springframework.security.web.access.ExceptionTranslationFilter@24244ea, org.springframework.security.web.access.intercept.AuthorizationFilter@2e214d39]
2024-07-29T10:55:31.840-06:00  INFO 11748 --- [esbao] [    Test worker] c.a.esbao.EsbaoApplicationTests          : Started EsbaoApplicationTests in 10.707 seconds (process running for 11.94)
]]></system-out>
  <system-err><![CDATA[]]></system-err>
</testsuite>
